2022-10-10 19:46:04 INFO  OrangeHRMHome:60 - Yaseen is successfully entered
2022-10-10 19:46:04 INFO  OrangeHRMHome:66 - Renastech2 is successfully entered
2022-10-10 19:46:05 INFO  OrangeHRMHome:71 - [[ChromeDriver: chrome on WINDOWS (659ba617ccb88cd55f6bbb3615c13888)] -> id: btnSave] is successfully entered
2022-10-10 19:46:07 INFO  OrangeHRMHome:77 - Personal Details is expected header and successfully entered
2022-10-10 19:47:56 INFO  OrangeHRMHome:60 - Yaseen is successfully entered
2022-10-10 19:47:56 INFO  OrangeHRMHome:66 - Renastech2 is successfully entered
2022-10-10 19:47:58 INFO  OrangeHRMHome:71 - [[ChromeDriver: chrome on WINDOWS (26908a3ec02a2c32378f70c3c720be06)] -> id: btnSave] is successfully entered
2022-10-10 19:48:00 INFO  OrangeHRMHome:77 - Personal Details is expected header and successfully entered
2022-10-10 19:51:39 ERROR OrangeHRMLogin:26 - username is empty. Please check the value you provided
2022-10-10 19:51:46 INFO  OrangeHRMHome:60 - Yaseen is successfully entered
2022-10-10 19:51:46 INFO  OrangeHRMHome:66 - Renastech2 is successfully entered
2022-10-10 19:51:47 INFO  OrangeHRMHome:71 - Save button is successfully entered
2022-10-10 20:16:25 ERROR OrangeHRMLogin:26 - username is empty. Please check the value you provided
2022-10-10 20:16:31 INFO  OrangeHRMHome:60 - Yaseen is successfully entered
2022-10-10 20:16:31 INFO  OrangeHRMHome:66 - Renastech2 is successfully entered
2022-10-10 20:16:33 INFO  OrangeHRMHome:71 - Save button is successfully entered
2022-10-10 20:16:35 INFO  OrangeHRMHome:77 - Personal Details is expected header and successfully entered
2022-10-11 10:54:18 ERROR OrangeHRMLogin:26 - username is empty. Please check the value you provided
2022-10-11 10:54:18 INFO  OrangeHRMLogin:27 - Please check if you provided username correctly
2022-10-11 10:54:19 INFO  OrangeHRMSteps:34 - Username and password provided successfully
2022-10-11 10:54:23 INFO  OrangeHRMHome:60 - Shahnaz1211 is successfully entered
2022-10-11 10:54:23 INFO  OrangeHRMHome:66 - Renastech121 is successfully entered
2022-10-11 10:54:24 INFO  OrangeHRMHome:82 - Add login details button was successfully clicked
2022-10-11 10:54:26 INFO  OrangeHRMSteps:88 - Username, Password and Status of account provided successfully
2022-10-11 10:54:27 INFO  OrangeHRMHome:71 - Save button is successfully entered
2022-10-11 10:59:17 INFO  Hooks:21 - Driver is successfully started
2022-10-11 10:59:18 ERROR OrangeHRMLogin:26 - username is empty. Please check the value you provided
2022-10-11 10:59:18 INFO  OrangeHRMLogin:27 - Please check if you provided username correctly
2022-10-11 10:59:19 INFO  OrangeHRMSteps:34 - Username and password provided successfully
2022-10-11 10:59:20 INFO  Hooks:21 - Driver is successfully started
2022-10-11 10:59:20 ERROR OrangeHRMLogin:26 - username is empty. Please check the value you provided
2022-10-11 10:59:20 INFO  OrangeHRMLogin:27 - Please check if you provided username correctly
2022-10-11 10:59:22 INFO  OrangeHRMSteps:34 - Username and password provided successfully
2022-10-11 10:59:23 INFO  Hooks:21 - Driver is successfully started
2022-10-11 10:59:23 ERROR OrangeHRMLogin:26 - username is empty. Please check the value you provided
2022-10-11 10:59:23 INFO  OrangeHRMLogin:27 - Please check if you provided username correctly
2022-10-11 10:59:24 INFO  OrangeHRMSteps:34 - Username and password provided successfully
2022-10-11 10:59:28 INFO  OrangeHRMHome:60 - Yaseen is successfully entered
2022-10-11 10:59:29 INFO  OrangeHRMHome:66 - Renastech2 is successfully entered
2022-10-11 10:59:30 INFO  OrangeHRMHome:71 - Save button is successfully entered
2022-10-11 10:59:32 INFO  OrangeHRMHome:77 - Personal Details is expected header and successfully entered
2022-10-11 10:59:32 INFO  Hooks:21 - Driver is successfully started
2022-10-11 10:59:33 ERROR OrangeHRMLogin:26 - username is empty. Please check the value you provided
2022-10-11 10:59:33 INFO  OrangeHRMLogin:27 - Please check if you provided username correctly
2022-10-11 10:59:34 INFO  OrangeHRMSteps:34 - Username and password provided successfully
2022-10-11 10:59:39 INFO  OrangeHRMHome:60 - Shahnaz1211 is successfully entered
2022-10-11 10:59:39 INFO  OrangeHRMHome:66 - Renastech121 is successfully entered
2022-10-11 10:59:40 INFO  OrangeHRMHome:82 - Add login details button was successfully clicked
2022-10-11 10:59:41 INFO  OrangeHRMSteps:88 - Username, Password and Status of account provided successfully
2022-10-11 10:59:42 INFO  OrangeHRMHome:71 - Save button is successfully entered
2022-10-11 10:59:45 INFO  Hooks:21 - Driver is successfully started
2022-10-11 10:59:45 ERROR OrangeHRMLogin:26 - username is empty. Please check the value you provided
2022-10-11 10:59:45 INFO  OrangeHRMLogin:27 - Please check if you provided username correctly
2022-10-11 10:59:46 INFO  OrangeHRMSteps:34 - Username and password provided successfully
2022-10-11 10:59:50 INFO  OrangeHRMHome:60 - Bahar is successfully entered
2022-10-11 10:59:50 INFO  OrangeHRMHome:66 - Renastech#2 is successfully entered
2022-10-11 10:59:51 INFO  OrangeHRMHome:82 - Add login details button was successfully clicked
2022-10-11 11:01:54 INFO  Hooks:21 - Driver is successfully started
2022-10-11 11:01:56 ERROR OrangeHRMLogin:26 - username is empty. Please check the value you provided
2022-10-11 11:01:56 INFO  OrangeHRMLogin:27 - Please check if you provided username correctly
2022-10-11 11:01:57 INFO  OrangeHRMSteps:34 - Username and password provided successfully
2022-10-11 11:02:12 INFO  Hooks:21 - Driver is successfully started
2022-10-11 11:02:13 ERROR OrangeHRMLogin:26 - username is empty. Please check the value you provided
2022-10-11 11:02:13 INFO  OrangeHRMLogin:27 - Please check if you provided username correctly
2022-10-11 11:02:14 INFO  OrangeHRMSteps:34 - Username and password provided successfully
2022-10-11 11:02:24 INFO  Hooks:21 - Driver is successfully started
2022-10-11 11:02:25 ERROR OrangeHRMLogin:26 - username is empty. Please check the value you provided
2022-10-11 11:02:25 INFO  OrangeHRMLogin:27 - Please check if you provided username correctly
2022-10-11 11:02:27 INFO  OrangeHRMSteps:34 - Username and password provided successfully
2022-10-11 11:02:33 INFO  OrangeHRMHome:60 - Yaseen is successfully entered
2022-10-11 11:02:33 INFO  OrangeHRMHome:66 - Renastech2 is successfully entered
2022-10-11 11:02:35 INFO  OrangeHRMHome:71 - Save button is successfully entered
2022-10-11 11:02:37 INFO  OrangeHRMHome:77 - Personal Details is expected header and successfully entered
2022-10-11 11:02:45 INFO  Hooks:21 - Driver is successfully started
2022-10-11 11:02:46 ERROR OrangeHRMLogin:26 - username is empty. Please check the value you provided
2022-10-11 11:02:46 INFO  OrangeHRMLogin:27 - Please check if you provided username correctly
2022-10-11 11:02:47 INFO  OrangeHRMSteps:34 - Username and password provided successfully
2022-10-11 11:02:52 INFO  OrangeHRMHome:60 - Shahnaz1211 is successfully entered
2022-10-11 11:02:52 INFO  OrangeHRMHome:66 - Renastech121 is successfully entered
2022-10-11 11:02:53 INFO  OrangeHRMHome:82 - Add login details button was successfully clicked
2022-10-11 11:02:54 INFO  OrangeHRMSteps:88 - Username, Password and Status of account provided successfully
2022-10-11 11:02:55 INFO  OrangeHRMHome:71 - Save button is successfully entered
2022-10-11 11:03:07 INFO  Hooks:21 - Driver is successfully started
2022-10-11 11:03:08 ERROR OrangeHRMLogin:26 - username is empty. Please check the value you provided
2022-10-11 11:03:08 INFO  OrangeHRMLogin:27 - Please check if you provided username correctly
2022-10-11 11:03:09 INFO  OrangeHRMSteps:34 - Username and password provided successfully
2022-10-11 11:03:13 INFO  OrangeHRMHome:60 - Bahar is successfully entered
2022-10-11 11:03:13 INFO  OrangeHRMHome:66 - Renastech#2 is successfully entered
2022-10-11 11:03:14 INFO  OrangeHRMHome:82 - Add login details button was successfully clicked
2022-10-11 11:03:17 INFO  OrangeHRMHome:71 - Save button is successfully entered
2022-10-11 11:03:30 INFO  Hooks:21 - Driver is successfully started
2022-10-11 11:03:31 ERROR OrangeHRMLogin:26 - username is empty. Please check the value you provided
2022-10-11 11:03:31 INFO  OrangeHRMLogin:27 - Please check if you provided username correctly
2022-10-11 11:03:32 INFO  OrangeHRMSteps:34 - Username and password provided successfully
2022-10-11 11:03:33 INFO  Hooks:21 - Driver is successfully started
2022-10-11 11:03:34 ERROR OrangeHRMLogin:26 - username is empty. Please check the value you provided
2022-10-11 11:03:34 INFO  OrangeHRMLogin:27 - Please check if you provided username correctly
2022-10-11 11:03:35 INFO  OrangeHRMSteps:34 - Username and password provided successfully
2022-10-11 11:03:36 INFO  Hooks:21 - Driver is successfully started
2022-10-11 11:03:36 ERROR OrangeHRMLogin:26 - username is empty. Please check the value you provided
2022-10-11 11:03:36 INFO  OrangeHRMLogin:27 - Please check if you provided username correctly
2022-10-11 11:03:37 INFO  OrangeHRMSteps:34 - Username and password provided successfully
2022-10-11 11:03:41 INFO  Hooks:21 - Driver is successfully started
2022-10-11 11:03:41 ERROR OrangeHRMLogin:26 - username is empty. Please check the value you provided
2022-10-11 11:03:41 INFO  OrangeHRMLogin:27 - Please check if you provided username correctly
2022-10-11 11:03:42 INFO  OrangeHRMSteps:34 - Username and password provided successfully
2022-10-11 11:03:46 INFO  Hooks:21 - Driver is successfully started
2022-10-11 11:03:46 ERROR OrangeHRMLogin:26 - username is empty. Please check the value you provided
2022-10-11 11:03:46 INFO  OrangeHRMLogin:27 - Please check if you provided username correctly
2022-10-11 11:03:48 INFO  OrangeHRMSteps:34 - Username and password provided successfully
2022-10-11 11:04:04 INFO  Hooks:21 - Driver is successfully started
2022-10-11 11:04:05 ERROR OrangeHRMLogin:26 - username is empty. Please check the value you provided
2022-10-11 11:04:05 INFO  OrangeHRMLogin:27 - Please check if you provided username correctly
2022-10-11 11:04:06 INFO  OrangeHRMSteps:34 - Username and password provided successfully
2022-10-11 11:04:07 INFO  Hooks:21 - Driver is successfully started
2022-10-11 11:04:08 ERROR OrangeHRMLogin:26 - username is empty. Please check the value you provided
2022-10-11 11:04:08 INFO  OrangeHRMLogin:27 - Please check if you provided username correctly
2022-10-11 11:04:09 INFO  OrangeHRMSteps:34 - Username and password provided successfully
2022-10-11 11:04:10 INFO  Hooks:21 - Driver is successfully started
2022-10-11 11:04:10 ERROR OrangeHRMLogin:26 - username is empty. Please check the value you provided
2022-10-11 11:04:10 INFO  OrangeHRMLogin:27 - Please check if you provided username correctly
2022-10-11 11:04:11 INFO  OrangeHRMSteps:34 - Username and password provided successfully
2022-10-11 11:04:15 INFO  OrangeHRMHome:60 - Yaseen is successfully entered
2022-10-11 11:04:15 INFO  OrangeHRMHome:66 - Renastech2 is successfully entered
2022-10-11 11:04:17 INFO  OrangeHRMHome:71 - Save button is successfully entered
2022-10-11 11:04:19 INFO  OrangeHRMHome:77 - Personal Details is expected header and successfully entered
2022-10-11 11:04:19 INFO  Hooks:21 - Driver is successfully started
2022-10-11 11:04:19 ERROR OrangeHRMLogin:26 - username is empty. Please check the value you provided
2022-10-11 11:04:19 INFO  OrangeHRMLogin:27 - Please check if you provided username correctly
2022-10-11 11:04:20 INFO  OrangeHRMSteps:34 - Username and password provided successfully
2022-10-11 11:04:24 INFO  OrangeHRMHome:60 - Shahnaz1211 is successfully entered
2022-10-11 11:04:24 INFO  OrangeHRMHome:66 - Renastech121 is successfully entered
2022-10-11 11:04:25 INFO  OrangeHRMHome:82 - Add login details button was successfully clicked
2022-10-11 11:04:27 INFO  OrangeHRMSteps:88 - Username, Password and Status of account provided successfully
2022-10-11 11:04:28 INFO  OrangeHRMHome:71 - Save button is successfully entered
2022-10-11 11:04:30 INFO  Hooks:21 - Driver is successfully started
2022-10-11 11:04:31 ERROR OrangeHRMLogin:26 - username is empty. Please check the value you provided
2022-10-11 11:04:31 INFO  OrangeHRMLogin:27 - Please check if you provided username correctly
2022-10-11 11:04:32 INFO  OrangeHRMSteps:34 - Username and password provided successfully
2022-10-11 11:04:36 INFO  OrangeHRMHome:60 - Bahar is successfully entered
2022-10-11 11:04:36 INFO  OrangeHRMHome:66 - Renastech#2 is successfully entered
2022-10-11 11:04:37 INFO  OrangeHRMHome:82 - Add login details button was successfully clicked
2022-10-11 11:06:13 INFO  Hooks:21 - Driver is successfully started
2022-10-11 11:06:14 ERROR OrangeHRMLogin:26 - username is empty. Please check the value you provided
2022-10-11 11:06:14 INFO  OrangeHRMLogin:27 - Please check if you provided username correctly
2022-10-11 11:06:15 INFO  OrangeHRMSteps:34 - Username and password provided successfully
2022-10-11 11:06:17 INFO  Hooks:21 - Driver is successfully started
2022-10-11 11:06:17 ERROR OrangeHRMLogin:26 - username is empty. Please check the value you provided
2022-10-11 11:06:17 INFO  OrangeHRMLogin:27 - Please check if you provided username correctly
2022-10-11 11:06:18 INFO  OrangeHRMSteps:34 - Username and password provided successfully
2022-10-11 11:06:19 INFO  Hooks:21 - Driver is successfully started
2022-10-11 11:06:19 ERROR OrangeHRMLogin:26 - username is empty. Please check the value you provided
2022-10-11 11:06:19 INFO  OrangeHRMLogin:27 - Please check if you provided username correctly
2022-10-11 11:06:21 INFO  OrangeHRMSteps:34 - Username and password provided successfully
2022-10-11 11:06:25 INFO  OrangeHRMHome:60 - Yaseen is successfully entered
2022-10-11 11:06:25 INFO  OrangeHRMHome:66 - Renastech2 is successfully entered
2022-10-11 11:06:26 INFO  OrangeHRMHome:71 - Save button is successfully entered
2022-10-11 11:06:28 INFO  OrangeHRMHome:77 - Personal Details is expected header and successfully entered
2022-10-11 11:06:28 INFO  Hooks:21 - Driver is successfully started
2022-10-11 11:06:29 ERROR OrangeHRMLogin:26 - username is empty. Please check the value you provided
2022-10-11 11:06:29 INFO  OrangeHRMLogin:27 - Please check if you provided username correctly
2022-10-11 11:06:30 INFO  OrangeHRMSteps:34 - Username and password provided successfully
2022-10-11 11:06:33 INFO  OrangeHRMHome:60 - Shahnaz1211 is successfully entered
2022-10-11 11:06:34 INFO  OrangeHRMHome:66 - Renastech121 is successfully entered
2022-10-11 11:06:35 INFO  OrangeHRMHome:82 - Add login details button was successfully clicked
2022-10-11 11:06:36 INFO  OrangeHRMSteps:88 - Username, Password and Status of account provided successfully
2022-10-11 11:06:37 INFO  OrangeHRMHome:71 - Save button is successfully entered
2022-10-11 11:06:39 INFO  Hooks:21 - Driver is successfully started
2022-10-11 11:06:39 ERROR OrangeHRMLogin:26 - username is empty. Please check the value you provided
2022-10-11 11:06:39 INFO  OrangeHRMLogin:27 - Please check if you provided username correctly
2022-10-11 11:06:41 INFO  OrangeHRMSteps:34 - Username and password provided successfully
2022-10-11 11:06:44 INFO  OrangeHRMHome:60 - Bahar is successfully entered
2022-10-11 11:06:44 INFO  OrangeHRMHome:66 - Renastech#2 is successfully entered
2022-10-11 11:06:45 INFO  OrangeHRMHome:82 - Add login details button was successfully clicked
2022-10-11 11:20:38 INFO  Hooks:21 - Driver is successfully started
2022-10-11 11:20:39 ERROR OrangeHRMLogin:26 - username is empty. Please check the value you provided
2022-10-11 11:20:39 INFO  OrangeHRMLogin:27 - Please check if you provided username correctly
2022-10-11 11:20:40 INFO  OrangeHRMSteps:34 - Username and password provided successfully
2022-10-11 19:34:11 ERROR OrangeHRMLogin:26 - username is empty. Please check the value you provided
2022-10-11 19:34:11 INFO  OrangeHRMLogin:27 - Please check if you provided username correctly
2022-10-11 19:34:27 ERROR OrangeHRMLogin:26 - username is empty. Please check the value you provided
2022-10-11 19:34:27 INFO  OrangeHRMLogin:27 - Please check if you provided username correctly
2022-10-11 19:34:30 ERROR OrangeHRMLogin:26 - username is empty. Please check the value you provided
2022-10-11 19:34:30 INFO  OrangeHRMLogin:27 - Please check if you provided username correctly
2022-10-11 19:34:33 ERROR OrangeHRMLogin:26 - username is empty. Please check the value you provided
2022-10-11 19:34:33 INFO  OrangeHRMLogin:27 - Please check if you provided username correctly
2022-10-11 19:34:38 INFO  OrangeHRMHome:60 - Yaseen is successfully entered
2022-10-11 19:34:38 INFO  OrangeHRMHome:66 - Renastech2 is successfully entered
2022-10-11 19:34:40 INFO  OrangeHRMHome:71 - Save button is successfully entered
2022-10-11 19:34:42 INFO  OrangeHRMHome:77 - Personal Details is expected header and successfully entered
2022-10-11 19:34:42 ERROR OrangeHRMLogin:26 - username is empty. Please check the value you provided
2022-10-11 19:34:42 INFO  OrangeHRMLogin:27 - Please check if you provided username correctly
2022-10-11 19:34:47 INFO  OrangeHRMHome:60 - Shahnaz121 is successfully entered
2022-10-11 19:34:47 INFO  OrangeHRMHome:66 - Renastech121 is successfully entered
2022-10-11 19:34:48 INFO  OrangeHRMHome:82 - Add login details button was successfully clicked
2022-10-11 19:34:51 INFO  OrangeHRMHome:71 - Save button is successfully entered
2022-10-11 19:34:54 ERROR OrangeHRMLogin:26 - username is empty. Please check the value you provided
2022-10-11 19:34:54 INFO  OrangeHRMLogin:27 - Please check if you provided username correctly
2022-10-11 19:34:59 INFO  OrangeHRMHome:60 - Bahar is successfully entered
2022-10-11 19:34:59 INFO  OrangeHRMHome:66 - Renastech#2 is successfully entered
2022-10-11 19:35:00 INFO  OrangeHRMHome:82 - Add login details button was successfully clicked
2022-10-11 19:38:30 ERROR OrangeHRMLogin:26 - username is empty. Please check the value you provided
2022-10-11 19:38:30 INFO  OrangeHRMLogin:27 - Please check if you provided username correctly
2022-10-11 19:38:33 ERROR OrangeHRMLogin:26 - username is empty. Please check the value you provided
2022-10-11 19:38:33 INFO  OrangeHRMLogin:27 - Please check if you provided username correctly
2022-10-11 19:38:36 ERROR OrangeHRMLogin:26 - username is empty. Please check the value you provided
2022-10-11 19:38:36 INFO  OrangeHRMLogin:27 - Please check if you provided username correctly
2022-10-11 19:38:41 INFO  OrangeHRMHome:60 - Yaseen is successfully entered
2022-10-11 19:38:41 INFO  OrangeHRMHome:66 - Renastech2 is successfully entered
2022-10-11 19:38:42 INFO  OrangeHRMHome:71 - Save button is successfully entered
2022-10-11 19:38:45 INFO  OrangeHRMHome:77 - Personal Details is expected header and successfully entered
2022-10-11 19:38:45 ERROR OrangeHRMLogin:26 - username is empty. Please check the value you provided
2022-10-11 19:38:45 INFO  OrangeHRMLogin:27 - Please check if you provided username correctly
2022-10-11 19:38:50 INFO  OrangeHRMHome:60 - Shahnaz121 is successfully entered
2022-10-11 19:38:50 INFO  OrangeHRMHome:66 - Renastech121 is successfully entered
2022-10-11 19:38:51 INFO  OrangeHRMHome:82 - Add login details button was successfully clicked
2022-10-11 19:38:53 INFO  OrangeHRMHome:71 - Save button is successfully entered
2022-10-11 19:38:56 ERROR OrangeHRMLogin:26 - username is empty. Please check the value you provided
2022-10-11 19:38:56 INFO  OrangeHRMLogin:27 - Please check if you provided username correctly
2022-10-11 19:39:01 INFO  OrangeHRMHome:60 - Bahar is successfully entered
2022-10-11 19:39:01 INFO  OrangeHRMHome:66 - Renastech#2 is successfully entered
2022-10-11 19:39:02 INFO  OrangeHRMHome:82 - Add login details button was successfully clicked
2022-10-11 19:41:18 ERROR OrangeHRMLogin:26 - username is empty. Please check the value you provided
2022-10-11 19:41:18 INFO  OrangeHRMLogin:27 - Please check if you provided username correctly
2022-10-11 19:41:21 ERROR OrangeHRMLogin:26 - username is empty. Please check the value you provided
2022-10-11 19:41:21 INFO  OrangeHRMLogin:27 - Please check if you provided username correctly
2022-10-11 19:41:23 ERROR OrangeHRMLogin:26 - username is empty. Please check the value you provided
2022-10-11 19:41:23 INFO  OrangeHRMLogin:27 - Please check if you provided username correctly
2022-10-11 19:41:28 INFO  OrangeHRMHome:60 - Yaseen is successfully entered
2022-10-11 19:41:28 INFO  OrangeHRMHome:66 - Renastech2 is successfully entered
2022-10-11 19:41:30 INFO  OrangeHRMHome:71 - Save button is successfully entered
2022-10-11 19:41:32 INFO  OrangeHRMHome:77 - Personal Details is expected header and successfully entered
2022-10-11 19:41:33 ERROR OrangeHRMLogin:26 - username is empty. Please check the value you provided
2022-10-11 19:41:33 INFO  OrangeHRMLogin:27 - Please check if you provided username correctly
2022-10-11 19:41:38 INFO  OrangeHRMHome:60 - Shahnaz121 is successfully entered
2022-10-11 19:41:39 INFO  OrangeHRMHome:66 - Renastech121 is successfully entered
2022-10-11 19:41:40 INFO  OrangeHRMHome:82 - Add login details button was successfully clicked
2022-10-11 19:41:42 INFO  OrangeHRMHome:71 - Save button is successfully entered
2022-10-11 19:41:45 ERROR OrangeHRMLogin:26 - username is empty. Please check the value you provided
2022-10-11 19:41:45 INFO  OrangeHRMLogin:27 - Please check if you provided username correctly
2022-10-11 19:41:50 INFO  OrangeHRMHome:60 - Bahar is successfully entered
2022-10-11 19:41:50 INFO  OrangeHRMHome:66 - Renastech#2 is successfully entered
2022-10-11 19:41:51 INFO  OrangeHRMHome:82 - Add login details button was successfully clicked
2022-10-11 22:47:07 ERROR OrangeHRMLogin:23 - username is empty. Please check the value you provided
2022-10-11 22:47:07 INFO  OrangeHRMLogin:24 - Please check if you provided username correctly
2022-10-11 22:47:10 ERROR OrangeHRMLogin:23 - username is empty. Please check the value you provided
2022-10-11 22:47:10 INFO  OrangeHRMLogin:24 - Please check if you provided username correctly
2022-10-11 22:47:12 ERROR OrangeHRMLogin:23 - username is empty. Please check the value you provided
2022-10-11 22:47:12 INFO  OrangeHRMLogin:24 - Please check if you provided username correctly
2022-10-12 09:44:15 ERROR OrangeHRMLogin:23 - username is empty. Please check the value you provided
2022-10-12 09:44:15 INFO  OrangeHRMLogin:24 - Please check if you provided username correctly
2022-10-12 09:44:19 ERROR OrangeHRMLogin:23 - username is empty. Please check the value you provided
2022-10-12 09:44:19 INFO  OrangeHRMLogin:24 - Please check if you provided username correctly
2022-10-12 09:44:22 ERROR OrangeHRMLogin:23 - username is empty. Please check the value you provided
2022-10-12 09:44:22 INFO  OrangeHRMLogin:24 - Please check if you provided username correctly
2022-10-12 09:44:28 INFO  OrangeHRMHome:60 - Yaseen is successfully entered
2022-10-12 09:44:28 INFO  OrangeHRMHome:68 - Renastech2 is successfully entered
2022-10-12 09:44:30 INFO  OrangeHRMHome:74 - Save button successfully clickedd
2022-10-12 09:44:32 INFO  OrangeHRMHome:80 - Personal Details is expected header and successfully verified
2022-10-12 09:44:32 ERROR OrangeHRMLogin:23 - username is empty. Please check the value you provided
2022-10-12 09:44:32 INFO  OrangeHRMLogin:24 - Please check if you provided username correctly
2022-10-12 09:44:38 INFO  OrangeHRMHome:60 - Shahnaz121 is successfully entered
2022-10-12 09:44:38 INFO  OrangeHRMHome:68 - Renastech121 is successfully entered
2022-10-12 09:44:39 INFO  OrangeHRMHome:85 -  Add login details button was successfully clicked
2022-10-12 09:44:42 INFO  OrangeHRMHome:74 - Save button successfully clickedd
2022-10-12 09:44:45 ERROR OrangeHRMLogin:23 - username is empty. Please check the value you provided
2022-10-12 09:44:45 INFO  OrangeHRMLogin:24 - Please check if you provided username correctly
2022-10-12 09:47:48 ERROR OrangeHRMLogin:23 - username is empty. Please check the value you provided
2022-10-12 09:47:48 INFO  OrangeHRMLogin:24 - Please check if you provided username correctly
2022-10-12 09:47:51 ERROR OrangeHRMLogin:23 - username is empty. Please check the value you provided
2022-10-12 09:47:51 INFO  OrangeHRMLogin:24 - Please check if you provided username correctly
2022-10-12 09:47:53 ERROR OrangeHRMLogin:23 - username is empty. Please check the value you provided
2022-10-12 09:47:53 INFO  OrangeHRMLogin:24 - Please check if you provided username correctly
2022-10-12 09:47:59 INFO  OrangeHRMHome:60 - Yaseen is successfully entered
2022-10-12 09:47:59 INFO  OrangeHRMHome:68 - Renastech2 is successfully entered
2022-10-12 09:48:01 INFO  OrangeHRMHome:74 - Save button successfully clickedd
2022-10-12 09:48:03 INFO  OrangeHRMHome:80 - Personal Details is expected header and successfully verified
2022-10-12 09:48:03 ERROR OrangeHRMLogin:23 - username is empty. Please check the value you provided
2022-10-12 09:48:03 INFO  OrangeHRMLogin:24 - Please check if you provided username correctly
2022-10-12 09:48:08 INFO  OrangeHRMHome:60 - Shahnaz121 is successfully entered
2022-10-12 09:48:08 INFO  OrangeHRMHome:68 - Renastech121 is successfully entered
2022-10-12 09:48:09 INFO  OrangeHRMHome:85 -  Add login details button was successfully clicked
2022-10-12 09:48:12 INFO  OrangeHRMHome:74 - Save button successfully clickedd
2022-10-12 09:48:14 ERROR OrangeHRMLogin:23 - username is empty. Please check the value you provided
2022-10-12 09:48:14 INFO  OrangeHRMLogin:24 - Please check if you provided username correctly
2022-10-12 09:48:20 INFO  OrangeHRMHome:60 - Bahar is successfully entered
2022-10-12 09:48:20 INFO  OrangeHRMHome:68 - Renastech#2 is successfully entered
2022-10-12 09:48:21 INFO  OrangeHRMHome:85 -  Add login details button was successfully clicked
2022-10-12 09:49:41 ERROR OrangeHRMLogin:23 - username is empty. Please check the value you provided
2022-10-12 09:49:41 INFO  OrangeHRMLogin:24 - Please check if you provided username correctly
2022-10-12 09:49:43 ERROR OrangeHRMLogin:23 - username is empty. Please check the value you provided
2022-10-12 09:49:43 INFO  OrangeHRMLogin:24 - Please check if you provided username correctly
2022-10-12 09:49:48 INFO  OrangeHRMHome:60 - Yaseen is successfully entered
2022-10-12 09:49:48 INFO  OrangeHRMHome:68 - Renastech2 is successfully entered
2022-10-12 09:49:50 INFO  OrangeHRMHome:74 - Save button successfully clickedd
2022-10-12 09:49:52 INFO  OrangeHRMHome:80 - Personal Details is expected header and successfully verified
2022-10-12 09:49:52 ERROR OrangeHRMLogin:23 - username is empty. Please check the value you provided
2022-10-12 09:49:52 INFO  OrangeHRMLogin:24 - Please check if you provided username correctly
2022-10-12 09:49:57 INFO  OrangeHRMHome:60 - Shahnaz121 is successfully entered
2022-10-12 09:49:57 INFO  OrangeHRMHome:68 - Renastech121 is successfully entered
2022-10-12 09:49:58 INFO  OrangeHRMHome:85 -  Add login details button was successfully clicked
2022-10-12 09:50:01 INFO  OrangeHRMHome:74 - Save button successfully clickedd
2022-10-12 09:50:03 ERROR OrangeHRMLogin:23 - username is empty. Please check the value you provided
2022-10-12 09:50:03 INFO  OrangeHRMLogin:24 - Please check if you provided username correctly
2022-10-12 09:50:08 INFO  OrangeHRMHome:60 - Bahar is successfully entered
2022-10-12 09:50:08 INFO  OrangeHRMHome:68 - Renastech#2 is successfully entered
2022-10-12 09:50:09 INFO  OrangeHRMHome:85 -  Add login details button was successfully clicked
2022-10-12 09:50:40 ERROR OrangeHRMLogin:23 - username is empty. Please check the value you provided
2022-10-12 09:50:40 INFO  OrangeHRMLogin:24 - Please check if you provided username correctly
2022-10-12 09:50:45 INFO  OrangeHRMHome:60 - Yaseen is successfully entered
2022-10-12 09:50:45 INFO  OrangeHRMHome:68 - Renastech2 is successfully entered
2022-10-12 09:50:47 INFO  OrangeHRMHome:74 - Save button successfully clickedd
2022-10-12 09:50:49 INFO  OrangeHRMHome:80 - Personal Details is expected header and successfully verified
2022-10-12 09:50:49 ERROR OrangeHRMLogin:23 - username is empty. Please check the value you provided
2022-10-12 09:50:49 INFO  OrangeHRMLogin:24 - Please check if you provided username correctly
2022-10-12 09:50:54 INFO  OrangeHRMHome:60 - Shahnaz121 is successfully entered
2022-10-12 09:50:54 INFO  OrangeHRMHome:68 - Renastech121 is successfully entered
2022-10-12 09:50:55 INFO  OrangeHRMHome:85 -  Add login details button was successfully clicked
2022-10-12 09:50:58 INFO  OrangeHRMHome:74 - Save button successfully clickedd
2022-10-12 09:51:01 ERROR OrangeHRMLogin:23 - username is empty. Please check the value you provided
2022-10-12 09:51:01 INFO  OrangeHRMLogin:24 - Please check if you provided username correctly
2022-10-12 09:51:06 INFO  OrangeHRMHome:60 - Bahar is successfully entered
2022-10-12 09:51:06 INFO  OrangeHRMHome:68 - Renastech#2 is successfully entered
2022-10-12 09:51:07 INFO  OrangeHRMHome:85 -  Add login details button was successfully clicked
2022-10-12 09:51:40 ERROR OrangeHRMLogin:23 - username is empty. Please check the value you provided
2022-10-12 09:51:40 INFO  OrangeHRMLogin:24 - Please check if you provided username correctly
2022-10-12 09:51:46 INFO  OrangeHRMHome:60 - Yaseen is successfully entered
2022-10-12 09:51:46 INFO  OrangeHRMHome:68 - Renastech2 is successfully entered
2022-10-12 09:51:47 INFO  OrangeHRMHome:74 - Save button successfully clickedd
2022-10-12 09:51:49 INFO  OrangeHRMHome:80 - Personal Details is expected header and successfully verified
2022-10-12 09:51:50 ERROR OrangeHRMLogin:23 - username is empty. Please check the value you provided
2022-10-12 09:51:50 INFO  OrangeHRMLogin:24 - Please check if you provided username correctly
2022-10-12 09:51:54 INFO  OrangeHRMHome:60 - Shahnaz121 is successfully entered
2022-10-12 09:51:54 INFO  OrangeHRMHome:68 - Renastech121 is successfully entered
2022-10-12 09:51:55 INFO  OrangeHRMHome:85 -  Add login details button was successfully clicked
2022-10-12 09:51:58 INFO  OrangeHRMHome:74 - Save button successfully clickedd
2022-10-12 09:52:00 ERROR OrangeHRMLogin:23 - username is empty. Please check the value you provided
2022-10-12 09:52:00 INFO  OrangeHRMLogin:24 - Please check if you provided username correctly
2022-10-12 09:52:05 INFO  OrangeHRMHome:60 - Bahar is successfully entered
2022-10-12 09:52:05 INFO  OrangeHRMHome:68 - Renastech#2 is successfully entered
2022-10-12 09:52:06 INFO  OrangeHRMHome:85 -  Add login details button was successfully clicked
2022-10-12 09:54:55 ERROR OrangeHRMLogin:23 - username is empty. Please check the value you provided
2022-10-12 09:54:55 INFO  OrangeHRMLogin:24 - Please check if you provided username correctly
2022-10-12 09:55:00 INFO  OrangeHRMHome:60 - Yaseen is successfully entered
2022-10-12 09:55:00 INFO  OrangeHRMHome:68 - Renastech2 is successfully entered
2022-10-12 09:55:02 INFO  OrangeHRMHome:74 - Save button successfully clickedd
2022-10-12 09:55:04 INFO  OrangeHRMHome:80 - Personal Details is expected header and successfully verified
2022-10-12 09:55:05 ERROR OrangeHRMLogin:23 - username is empty. Please check the value you provided
2022-10-12 09:55:05 INFO  OrangeHRMLogin:24 - Please check if you provided username correctly
2022-10-12 09:55:10 INFO  OrangeHRMHome:60 - Shahnaz121 is successfully entered
2022-10-12 09:55:10 INFO  OrangeHRMHome:68 - Renastech121 is successfully entered
2022-10-12 09:55:11 INFO  OrangeHRMHome:85 -  Add login details button was successfully clicked
2022-10-12 09:55:14 INFO  OrangeHRMHome:74 - Save button successfully clickedd
2022-10-12 09:55:16 ERROR OrangeHRMLogin:23 - username is empty. Please check the value you provided
2022-10-12 09:55:16 INFO  OrangeHRMLogin:24 - Please check if you provided username correctly
2022-10-12 09:55:22 INFO  OrangeHRMHome:60 - Bahar is successfully entered
2022-10-12 09:55:22 INFO  OrangeHRMHome:68 - Renastech#2 is successfully entered
2022-10-12 09:55:23 INFO  OrangeHRMHome:85 -  Add login details button was successfully clicked
2022-10-12 09:55:23 ERROR OrangeHRMLogin:23 - username is empty. Please check the value you provided
2022-10-12 09:55:23 INFO  OrangeHRMLogin:24 - Please check if you provided username correctly
2022-10-12 09:55:26 ERROR OrangeHRMLogin:23 - username is empty. Please check the value you provided
2022-10-12 09:55:26 INFO  OrangeHRMLogin:24 - Please check if you provided username correctly
2022-10-12 09:55:28 ERROR OrangeHRMLogin:23 - username is empty. Please check the value you provided
2022-10-12 09:55:28 INFO  OrangeHRMLogin:24 - Please check if you provided username correctly
2022-10-12 09:55:33 INFO  OrangeHRMHome:60 - Yaseen is successfully entered
2022-10-12 09:55:33 INFO  OrangeHRMHome:68 - Renastech2 is successfully entered
2022-10-12 09:55:34 INFO  OrangeHRMHome:74 - Save button successfully clickedd
2022-10-12 09:55:37 ERROR OrangeHRMLogin:23 - username is empty. Please check the value you provided
2022-10-12 09:55:37 INFO  OrangeHRMLogin:24 - Please check if you provided username correctly
2022-10-12 09:55:42 INFO  OrangeHRMHome:60 - Shahnaz121 is successfully entered
2022-10-12 09:55:42 INFO  OrangeHRMHome:68 - Renastech121 is successfully entered
2022-10-12 09:55:43 INFO  OrangeHRMHome:85 -  Add login details button was successfully clicked
2022-10-12 09:55:43 ERROR OrangeHRMLogin:23 - username is empty. Please check the value you provided
2022-10-12 09:55:43 INFO  OrangeHRMLogin:24 - Please check if you provided username correctly
2022-10-12 09:55:48 INFO  OrangeHRMHome:60 - Bahar is successfully entered
2022-10-12 09:55:48 INFO  OrangeHRMHome:68 - Renastech#2 is successfully entered
2022-10-12 09:55:49 INFO  OrangeHRMHome:85 -  Add login details button was successfully clicked
2022-10-15 14:40:01 INFO  Hooks:17 - Driver is successfully started
2022-10-15 14:40:06 ERROR guru99TelecomHome:62 - The option you have provided is not found. Please check your selection
2022-10-15 14:40:06 ERROR guru99TelecomHome:63 - done is the provided option
2022-10-15 14:40:06 INFO  guru99TelecomSteps:37 - First name is successfully provided
2022-10-15 14:40:06 INFO  guru99TelecomSteps:39 - Last name is successfully provided
2022-10-15 14:40:06 INFO  guru99TelecomSteps:41 - Email is successfully provided
2022-10-15 14:40:06 INFO  guru99TelecomSteps:43 - Address is successfully provided
2022-10-15 14:40:06 INFO  guru99TelecomSteps:45 - phone number is successfully provided
2022-10-15 14:40:08 INFO  Hooks:17 - Driver is successfully started
2022-10-15 14:40:13 ERROR guru99TelecomHome:62 - The option you have provided is not found. Please check your selection
2022-10-15 14:40:13 ERROR guru99TelecomHome:63 - pending is the provided option
2022-10-15 14:40:13 INFO  guru99TelecomSteps:37 - First name is successfully provided
2022-10-15 14:40:13 INFO  guru99TelecomSteps:39 - Last name is successfully provided
2022-10-15 14:40:13 INFO  guru99TelecomSteps:41 - Email is successfully provided
2022-10-15 14:40:13 INFO  guru99TelecomSteps:43 - Address is successfully provided
2022-10-15 14:40:13 INFO  guru99TelecomSteps:45 - phone number is successfully provided
2022-10-15 14:40:16 INFO  Hooks:17 - Driver is successfully started
2022-10-15 14:40:21 ERROR guru99TelecomHome:62 - The option you have provided is not found. Please check your selection
2022-10-15 14:40:21 ERROR guru99TelecomHome:63 - done is the provided option
2022-10-15 14:40:22 INFO  guru99TelecomSteps:37 - First name is successfully provided
2022-10-15 14:40:22 INFO  guru99TelecomSteps:39 - Last name is successfully provided
2022-10-15 14:40:22 INFO  guru99TelecomSteps:41 - Email is successfully provided
2022-10-15 14:40:22 INFO  guru99TelecomSteps:43 - Address is successfully provided
2022-10-15 14:40:22 INFO  guru99TelecomSteps:45 - phone number is successfully provided
2022-10-15 15:26:48 INFO  Hooks:17 - Driver is successfully started
2022-10-15 15:40:59 INFO  Hooks:17 - Driver is successfully started
2022-10-15 15:41:33 INFO  Hooks:17 - Driver is successfully started
2022-10-15 15:41:54 INFO  Hooks:17 - Driver is successfully started
2022-10-15 15:42:34 INFO  Hooks:17 - Driver is successfully started
2022-10-15 15:56:31 INFO  Hooks:17 - Driver is successfully started
2022-10-15 16:00:18 INFO  Hooks:17 - Driver is successfully started
2022-10-15 16:04:27 INFO  Hooks:17 - Driver is successfully started
2022-10-15 16:09:40 INFO  Hooks:17 - Driver is successfully started
2022-10-15 16:10:10 INFO  Hooks:17 - Driver is successfully started
2022-10-15 16:12:09 INFO  Hooks:17 - Driver is successfully started
2022-10-15 16:18:03 INFO  Hooks:17 - Driver is successfully started
2022-10-15 16:20:25 INFO  Hooks:17 - Driver is successfully started
2022-10-15 16:22:51 INFO  Hooks:17 - Driver is successfully started
2022-10-15 16:22:55 INFO  lab2Home:40 - Demo Site verification has passed
2022-10-15 16:30:13 INFO  Hooks:17 - Driver is successfully started
2022-10-15 16:30:40 INFO  Hooks:17 - Driver is successfully started
2022-10-15 16:33:16 INFO  Hooks:17 - Driver is successfully started
2022-10-15 16:33:30 INFO  Hooks:17 - Driver is successfully started
2022-10-15 16:34:30 INFO  Hooks:17 - Driver is successfully started
2022-10-17 09:57:38 INFO  Hooks:17 - Driver is successfully started
2022-10-17 09:57:40 INFO  lab2Home:88 - Demo Site Verification has passed
2022-10-17 09:57:41 INFO  lab2Home:77 - AddTariffHeader Verification has passed
2022-10-17 09:58:55 INFO  Hooks:17 - Driver is successfully started
2022-10-17 09:58:57 INFO  lab2Home:88 - Demo Site Verification has passed
2022-10-17 09:58:59 INFO  lab2Home:77 - AddTariffHeader Verification has passed
2022-10-17 10:03:57 INFO  Hooks:17 - Driver is successfully started
2022-10-17 10:03:59 INFO  lab2Home:88 - Demo Site Verification has passed
2022-10-17 10:04:01 INFO  lab2Home:77 - AddTariffHeader Verification has passed
2022-10-17 10:06:19 INFO  Hooks:17 - Driver is successfully started
2022-10-17 10:06:26 INFO  lab2Home:88 - Demo Site Verification has passed
2022-10-17 10:06:28 INFO  lab2Home:77 - AddTariffHeader Verification has passed
2022-10-17 10:07:08 INFO  Hooks:17 - Driver is successfully started
2022-10-17 10:07:12 INFO  lab2Home:88 - Demo Site Verification has passed
2022-10-17 10:07:14 INFO  lab2Home:77 - AddTariffHeader Verification has passed
2022-10-17 10:07:35 INFO  Hooks:17 - Driver is successfully started
2022-10-17 10:07:59 INFO  Hooks:17 - Driver is successfully started
2022-10-17 10:08:04 INFO  lab2Home:88 - Demo Site Verification has passed
2022-10-17 10:08:06 INFO  lab2Home:77 - AddTariffHeader Verification has passed
2022-10-17 10:18:17 INFO  Hooks:17 - Driver is successfully started
2022-10-17 10:18:20 INFO  lab2Home:88 - Demo Site Verification has passed
2022-10-17 10:18:22 INFO  lab2Home:77 - AddTariffHeader Verification has passed
2022-10-17 10:24:51 INFO  Hooks:17 - Driver is successfully started
2022-10-17 10:25:05 INFO  lab2Home:88 - Demo Site Verification has passed
2022-10-17 10:25:08 INFO  lab2Home:77 - AddTariffHeader Verification has passed
2022-10-17 10:26:11 INFO  Hooks:17 - Driver is successfully started
2022-10-17 10:26:31 INFO  lab2Home:94 - Demo Site Verification has passed
2022-10-17 10:26:33 INFO  lab2Home:83 - AddTariffHeader Verification has passed
2022-10-17 10:29:04 INFO  Hooks:17 - Driver is successfully started
2022-10-17 10:29:17 INFO  lab2Home:94 - Demo Site Verification has passed
2022-10-17 10:29:20 INFO  lab2Home:83 - AddTariffHeader Verification has passed
2022-10-17 10:33:55 INFO  Hooks:17 - Driver is successfully started
2022-10-17 10:34:10 INFO  lab2Home:95 - Demo Site Verification has passed
2022-10-17 10:34:13 INFO  lab2Home:84 - AddTariffHeader Verification has passed
2022-10-17 10:40:00 INFO  Hooks:17 - Driver is successfully started
2022-10-17 10:40:12 INFO  lab2Home:95 - Demo Site Verification has passed
2022-10-17 10:40:14 INFO  lab2Home:84 - AddTariffHeader Verification has passed
2022-10-17 10:40:16 INFO  lab2Home:47 - Congratulation Tariff Plan Verification has passed
2022-10-24 10:49:20 INFO  Hooks:17 - Driver is successfully started
2022-10-24 10:49:52 INFO  Hooks:17 - Driver is successfully started
2022-10-24 10:52:29 INFO  Hooks:17 - Driver is successfully started
2022-10-24 10:54:47 INFO  Hooks:17 - Driver is successfully started
2022-10-24 10:56:55 INFO  Hooks:17 - Driver is successfully started
2022-10-24 10:56:57 INFO  lab2Home:95 - Demo Site Verification has passed
2022-10-24 10:56:58 INFO  lab2Home:84 - AddTariffHeader Verification has passed
2022-10-24 10:56:59 INFO  lab2Home:47 - Congratulation Tariff Plan Verification has passed
2022-10-24 10:58:41 INFO  Hooks:17 - Driver is successfully started
2022-10-24 10:58:44 INFO  lab2Home:95 - Demo Site Verification has passed
2022-10-24 10:58:45 INFO  lab2Home:84 - AddTariffHeader Verification has passed
2022-10-24 10:58:47 INFO  lab2Home:47 - Congratulation Tariff Plan Verification has passed
2022-10-24 11:03:12 INFO  Hooks:17 - Driver is successfully started
2022-10-24 11:03:15 INFO  lab2Home:95 - Demo Site Verification has passed
2022-10-24 11:03:16 INFO  lab2Home:84 - AddTariffHeader Verification has passed
2022-10-24 11:03:17 INFO  lab2Home:47 - Congratulation Tariff Plan Verification has passed
2022-10-24 11:03:53 INFO  Hooks:17 - Driver is successfully started
2022-10-24 11:03:56 INFO  lab2Home:95 - Demo Site Verification has passed
2022-10-24 11:03:58 INFO  lab2Home:84 - AddTariffHeader Verification has passed
2022-10-24 11:03:59 INFO  lab2Home:47 - Congratulation Tariff Plan Verification has passed
2022-10-24 11:04:08 INFO  Hooks:17 - Driver is successfully started
2022-10-24 11:04:11 INFO  lab2Home:95 - Demo Site Verification has passed
2022-10-24 11:04:12 INFO  lab2Home:84 - AddTariffHeader Verification has passed
2022-10-24 11:04:14 INFO  lab2Home:47 - Congratulation Tariff Plan Verification has passed
2022-10-24 11:05:17 INFO  Hooks:17 - Driver is successfully started
2022-10-24 11:05:21 INFO  lab2Home:95 - Demo Site Verification has passed
2022-10-24 11:05:22 INFO  lab2Home:84 - AddTariffHeader Verification has passed
2022-10-24 11:05:23 INFO  lab2Home:47 - Congratulation Tariff Plan Verification has passed
2022-10-24 11:06:31 INFO  Hooks:17 - Driver is successfully started
2022-10-24 11:06:35 INFO  lab2Home:95 - Demo Site Verification has passed
2022-10-24 11:06:36 INFO  lab2Home:84 - AddTariffHeader Verification has passed
2022-10-24 11:06:38 INFO  lab2Home:47 - Congratulation Tariff Plan Verification has passed
2022-10-24 12:42:19 INFO  Hooks:17 - Driver is successfully started
2022-10-24 12:42:23 INFO  lab2Home:95 - Demo Site Verification has passed
2022-10-24 12:42:24 INFO  lab2Home:84 - AddTariffHeader Verification has passed
2022-10-24 12:42:25 INFO  lab2Home:47 - Congratulation Tariff Plan Verification has passed
2022-10-24 12:42:52 INFO  Hooks:17 - Driver is successfully started
2022-10-24 12:42:54 INFO  lab2Home:95 - Demo Site Verification has passed
2022-10-24 12:42:55 INFO  lab2Home:84 - AddTariffHeader Verification has passed
2022-10-24 12:42:56 INFO  lab2Home:47 - Congratulation Tariff Plan Verification has passed
2022-10-24 12:45:50 INFO  Hooks:17 - Driver is successfully started
2022-10-24 12:45:52 INFO  lab2Home:95 - Demo Site Verification has passed
2022-10-24 12:45:53 INFO  lab2Home:84 - AddTariffHeader Verification has passed
2022-10-24 12:45:54 INFO  lab2Home:47 - Congratulation Tariff Plan Verification has passed
2022-10-24 12:48:25 INFO  Hooks:17 - Driver is successfully started
2022-10-24 12:48:27 INFO  lab2Home:95 - Demo Site Verification has passed
2022-10-24 12:48:29 INFO  lab2Home:84 - AddTariffHeader Verification has passed
2022-10-24 12:48:29 INFO  lab2Home:47 - Congratulation Tariff Plan Verification has passed
2022-10-24 14:45:43 INFO  Hooks:17 - Driver is successfully started
2022-10-24 14:45:47 INFO  lab2Home:95 - Demo Site Verification has passed
2022-10-24 14:45:48 INFO  lab2Home:84 - AddTariffHeader Verification has passed
2022-10-24 14:45:50 INFO  lab2Home:47 - Congratulation Tariff Plan Verification has passed
